<?xml version="1.0" encoding="UTF-8"?>
<testsuite xmlns:xsi="http://www.w3.org/2001/XMLSchema-instance" xsi:noNamespaceSchemaLocation="https://maven.apache.org/surefire/maven-surefire-plugin/xsd/surefire-test-report-3.0.xsd" version="3.0" name="com.mohanit.ApplicationTests" time="12.342" tests="1" errors="0" skipped="0" failures="0">
  <properties>
[...]
</properties>
  <testcase name="contextLoads" classname="com.mohanit.ApplicationTests" time="0.018">
    <system-out><![CDATA[2024-02-21T06:24:23.344Z  INFO 37781 --- [           main] t.c.s.AnnotationConfigContextLoaderUtils : Could not detect default configuration classes for test class [com.mohanit.ApplicationTests]: ApplicationTests does not declare any static, non-private, non-final, nested classes annotated with @Configuration.
2024-02-21T06:24:23.582Z  INFO 37781 --- [           main] .b.t.c.SpringBootTestContextBootstrapper : Found @SpringBootConfiguration com.mohanit.Application for test class com.mohanit.ApplicationTests
2024-02-21T06:24:23.591Z  INFO 37781 --- [           main] o.s.b.d.r.RestartApplicationListener     : Restart disabled due to context in which it is running

  .   ____          _            __ _ _
 /\\ / ___'_ __ _ _(_)_ __  __ _ \ \ \ \
( ( )\___ | '_ | '_| | '_ \/ _` | \ \ \ \
 \\/  ___)| |_)| | | | | || (_| |  ) ) ) )
  '  |____| .__|_| |_|_| |_\__, | / / / /
 =========|_|==============|___/=/_/_/_/
 :: Spring Boot ::                (v3.1.6)

2024-02-21T06:24:23.743Z  INFO 37781 --- [           main] com.mohanit.ApplicationTests             : Starting ApplicationTests using Java 17.0.10 with PID 37781 (started by ec2-user in /home/ec2-user/02-MINI-PROJECT)
2024-02-21T06:24:23.744Z  INFO 37781 --- [           main] com.mohanit.ApplicationTests             : No active profile set, falling back to 1 default profile: "default"
2024-02-21T06:24:26.131Z  INFO 37781 --- [           main] .s.d.r.c.RepositoryConfigurationDelegate : Bootstrapping Spring Data JPA repositories in DEFAULT mode.
2024-02-21T06:24:26.283Z  INFO 37781 --- [           main] .s.d.r.c.RepositoryConfigurationDelegate : Finished Spring Data repository scanning in 119 ms. Found 1 JPA repository interface.
2024-02-21T06:24:27.719Z  INFO 37781 --- [           main] o.hibernate.jpa.internal.util.LogHelper  : HHH000204: Processing PersistenceUnitInfo [name: default]
2024-02-21T06:24:28.004Z  INFO 37781 --- [           main] org.hibernate.Version                    : HHH000412: Hibernate ORM core version 6.2.13.Final
2024-02-21T06:24:28.015Z  INFO 37781 --- [           main] org.hibernate.cfg.Environment            : HHH000406: Using bytecode reflection optimizer
2024-02-21T06:24:28.533Z  INFO 37781 --- [           main] o.s.o.j.p.SpringPersistenceUnitInfo      : No LoadTimeWeaver setup: ignoring JPA class transformer
2024-02-21T06:24:28.621Z  INFO 37781 --- [           main] com.zaxxer.hikari.HikariDataSource       : HikariPool-1 - Starting...
2024-02-21T06:24:28.631Z  WARN 37781 --- [           main] c.zaxxer.hikari.util.DriverDataSource    : Registered driver with driverClassName=com.mysql.jdbc.Driver was not found, trying direct instantiation.
2024-02-21T06:24:29.234Z  INFO 37781 --- [           main] com.zaxxer.hikari.pool.HikariPool        : HikariPool-1 - Added connection com.mysql.cj.jdbc.ConnectionImpl@1d9f9c9d
2024-02-21T06:24:29.239Z  INFO 37781 --- [           main] com.zaxxer.hikari.HikariDataSource       : HikariPool-1 - Start completed.
2024-02-21T06:24:29.509Z  WARN 37781 --- [           main] org.hibernate.dialect.Dialect            : HHH000511: The 5.5.0 version for [org.hibernate.dialect.MySQLDialect] is no longer supported, hence certain features may not work properly. The minimum supported version is 5.7.0. Check the community dialects project for available legacy versions.
2024-02-21T06:24:31.101Z  INFO 37781 --- [           main] o.h.e.t.j.p.i.JtaPlatformInitiator       : HHH000489: No JTA platform available (set 'hibernate.transaction.jta.platform' to enable JTA platform integration)
2024-02-21T06:24:31.185Z  INFO 37781 --- [           main] j.LocalContainerEntityManagerFactoryBean : Initialized JPA EntityManagerFactory for persistence unit 'default'
2024-02-21T06:24:31.725Z  INFO 37781 --- [           main] o.s.d.j.r.query.QueryEnhancerFactory     : Hibernate is in classpath; If applicable, HQL parser will be used.
2024-02-21T06:24:33.034Z  WARN 37781 --- [           main] JpaBaseConfiguration$JpaWebConfiguration : spring.jpa.open-in-view is enabled by default. Therefore, database queries may be performed during view rendering. Explicitly configure spring.jpa.open-in-view to disable this warning
2024-02-21T06:24:35.382Z  INFO 37781 --- [           main] com.mohanit.ApplicationTests             : Started ApplicationTests in 11.79 seconds (process running for 19.092)
Hibernate: select r1_0.sno,r1_0.created_by,r1_0.created_date,r1_0.email,r1_0.end_date,r1_0.gender,r1_0.mobile_number,r1_0.name,r1_0.plan_name,r1_0.plan_status,r1_0.ssn,r1_0.start_date,r1_0.updated_by,r1_0.updated_date from eligibility_details r1_0 where r1_0.sno=?
Hibernate: update eligibility_details set created_by=?,created_date=?,email=?,end_date=?,gender=?,mobile_number=?,name=?,plan_name=?,plan_status=?,ssn=?,start_date=?,updated_by=?,updated_date=? where sno=?
Hibernate: select r1_0.sno,r1_0.created_by,r1_0.created_date,r1_0.email,r1_0.end_date,r1_0.gender,r1_0.mobile_number,r1_0.name,r1_0.plan_name,r1_0.plan_status,r1_0.ssn,r1_0.start_date,r1_0.updated_by,r1_0.updated_date from eligibility_details r1_0 where r1_0.sno=?
Hibernate: update eligibility_details set created_by=?,created_date=?,email=?,end_date=?,gender=?,mobile_number=?,name=?,plan_name=?,plan_status=?,ssn=?,start_date=?,updated_by=?,updated_date=? where sno=?
Hibernate: select r1_0.sno,r1_0.created_by,r1_0.created_date,r1_0.email,r1_0.end_date,r1_0.gender,r1_0.mobile_number,r1_0.name,r1_0.plan_name,r1_0.plan_status,r1_0.ssn,r1_0.start_date,r1_0.updated_by,r1_0.updated_date from eligibility_details r1_0 where r1_0.sno=?
Hibernate: update eligibility_details set created_by=?,created_date=?,email=?,end_date=?,gender=?,mobile_number=?,name=?,plan_name=?,plan_status=?,ssn=?,start_date=?,updated_by=?,updated_date=? where sno=?
Hibernate: select r1_0.sno,r1_0.created_by,r1_0.created_date,r1_0.email,r1_0.end_date,r1_0.gender,r1_0.mobile_number,r1_0.name,r1_0.plan_name,r1_0.plan_status,r1_0.ssn,r1_0.start_date,r1_0.updated_by,r1_0.updated_date from eligibility_details r1_0 where r1_0.sno=?
Hibernate: update eligibility_details set created_by=?,created_date=?,email=?,end_date=?,gender=?,mobile_number=?,name=?,plan_name=?,plan_status=?,ssn=?,start_date=?,updated_by=?,updated_date=? where sno=?
Hibernate: select r1_0.sno,r1_0.created_by,r1_0.created_date,r1_0.email,r1_0.end_date,r1_0.gender,r1_0.mobile_number,r1_0.name,r1_0.plan_name,r1_0.plan_status,r1_0.ssn,r1_0.start_date,r1_0.updated_by,r1_0.updated_date from eligibility_details r1_0 where r1_0.sno=?
Hibernate: update eligibility_details set created_by=?,created_date=?,email=?,end_date=?,gender=?,mobile_number=?,name=?,plan_name=?,plan_status=?,ssn=?,start_date=?,updated_by=?,updated_date=? where sno=?
Hibernate: select r1_0.sno,r1_0.created_by,r1_0.created_date,r1_0.email,r1_0.end_date,r1_0.gender,r1_0.mobile_number,r1_0.name,r1_0.plan_name,r1_0.plan_status,r1_0.ssn,r1_0.start_date,r1_0.updated_by,r1_0.updated_date from eligibility_details r1_0 where r1_0.sno=?
Hibernate: update eligibility_details set created_by=?,created_date=?,email=?,end_date=?,gender=?,mobile_number=?,name=?,plan_name=?,plan_status=?,ssn=?,start_date=?,updated_by=?,updated_date=? where sno=?
Hibernate: select r1_0.sno,r1_0.created_by,r1_0.created_date,r1_0.email,r1_0.end_date,r1_0.gender,r1_0.mobile_number,r1_0.name,r1_0.plan_name,r1_0.plan_status,r1_0.ssn,r1_0.start_date,r1_0.updated_by,r1_0.updated_date from eligibility_details r1_0 where r1_0.sno=?
Hibernate: update eligibility_details set created_by=?,created_date=?,email=?,end_date=?,gender=?,mobile_number=?,name=?,plan_name=?,plan_status=?,ssn=?,start_date=?,updated_by=?,updated_date=? where sno=?
]]></system-out>
    <system-err><![CDATA[Loading class `com.mysql.jdbc.Driver'. This is deprecated. The new driver class is `com.mysql.cj.jdbc.Driver'. The driver is automatically registered via the SPI and manual loading of the driver class is generally unnecessary.
]]></system-err>
  </testcase>
</testsuite>